<?xml version="1.0" encoding="UTF-8"?>
<!-- Generated by org.testng.reporters.JUnitReportReporter -->
<testsuite hostname="LAPTOP-Q4UED7EK" failures="0" tests="1" name="com.hometests.HomeTests" time="13.228" errors="0" timestamp="2022-08-19T17:20:27 IST" skipped="0">
  <testcase classname="com.hometests.HomeTests" name="click_toggle_button" time="13.228"/>
  <system-out/>
</testsuite> <!-- com.hometests.HomeTests -->
