<?xml version="1.0" encoding="UTF-8"?>
<!-- Generated by org.testng.reporters.JUnitReportReporter -->
<testsuite hostname="LAPTOP-Q4UED7EK" failures="0" tests="1" name="com.tests.SignupTests" time="12.568" errors="0" timestamp="2022-08-25T15:26:50 IST" skipped="0">
  <testcase classname="com.tests.SignupTests" name="enter_mobile_number" time="12.568"/>
  <system-out/>
</testsuite> <!-- com.tests.SignupTests -->
