<?xml version="1.0" encoding="UTF-8"?>
<!-- Generated by org.testng.reporters.JUnitReportReporter -->
<testsuite hostname="LAPTOP-Q4UED7EK" failures="0" tests="1" name="com.tests.LoginTests" time="11.733" errors="0" timestamp="2022-08-25T14:47:33 IST" skipped="0">
  <testcase classname="com.tests.LoginTests" name="click_on_signup" time="11.733"/>
  <system-out/>
</testsuite> <!-- com.tests.LoginTests -->
