<?xml version="1.0" encoding="UTF-8"?>
<!-- Generated by org.testng.reporters.JUnitReportReporter -->
<testsuite hostname="LAPTOP-Q4UED7EK" failures="0" tests="1" name="com.tests.HomeTests" time="18.891" errors="0" timestamp="2022-08-25T14:31:34 IST" skipped="0">
  <testcase classname="com.tests.HomeTests" name="click_on_login" time="18.891"/>
  <system-out/>
</testsuite> <!-- com.tests.HomeTests -->
