<?xml version="1.0" encoding="UTF-8"?>
<!-- Generated by org.testng.reporters.JUnitReportReporter -->
<testsuite hostname="LAPTOP-Q4UED7EK" failures="0" tests="1" name="com.hometests.HomeTests" time="8.073" errors="0" timestamp="2022-08-23T18:34:28 IST" skipped="0">
  <testcase classname="com.hometests.HomeTests" name="open_percentage_calculator" time="8.073"/>
  <system-out/>
</testsuite> <!-- com.hometests.HomeTests -->
